Using pre-set license
Built from '2021.3/staging' branch; Version is '2021.3.14f1 (eee1884e7226) revision 15655304'; Using compiler version '192829333'; Build Type 'Release'
OS: 'Windows 10  (10.0.19044) 64bit Core' Language: 'fr' Physical Memory: 16312 MB
BatchMode: 1, IsHumanControllingUs: 0, StartBugReporterOnCrash: 0, Is64bit: 1, IsPro: 1

COMMAND LINE ARGUMENTS:
C:\Program Files\Unity\Hub\Editor\2021.3.14f1\Editor\Unity.exe
-adb2
-batchMode
-noUpm
-name
AssetImportWorker1
-projectPath
C:/Users/fauve/Documents/GitHub/Cauchemar-en-cuisine/Cauchema_en_Cusine
-logFile
Logs/AssetImportWorker1.log
-srvPort
56012
Successfully changed project path to: C:/Users/fauve/Documents/GitHub/Cauchemar-en-cuisine/Cauchema_en_Cusine
C:/Users/fauve/Documents/GitHub/Cauchemar-en-cuisine/Cauchema_en_Cusine
[UnityMemory] Configuration Parameters - Can be set up in boot.config
    "memorysetup-bucket-allocator-granularity=16"
    "memorysetup-bucket-allocator-bucket-count=8"
    "memorysetup-bucket-allocator-block-size=33554432"
    "memorysetup-bucket-allocator-block-count=8"
    "memorysetup-main-allocator-block-size=16777216"
    "memorysetup-thread-allocator-block-size=16777216"
    "memorysetup-gfx-main-allocator-block-size=16777216"
    "memorysetup-gfx-thread-allocator-block-size=16777216"
    "memorysetup-cache-allocator-block-size=4194304"
    "memorysetup-typetree-allocator-block-size=2097152"
    "memorysetup-profiler-bucket-allocator-granularity=16"
    "memorysetup-profiler-bucket-allocator-bucket-count=8"
    "memorysetup-profiler-bucket-allocator-block-size=33554432"
    "memorysetup-profiler-bucket-allocator-block-count=8"
    "memorysetup-profiler-allocator-block-size=16777216"
    "memorysetup-profiler-editor-allocator-block-size=1048576"
    "memorysetup-temp-allocator-size-main=16777216"
    "memorysetup-job-temp-allocator-block-size=2097152"
    "memorysetup-job-temp-allocator-block-size-background=1048576"
    "memorysetup-job-temp-allocator-reduction-small-platforms=262144"
    "memorysetup-temp-allocator-size-background-worker=32768"
    "memorysetup-temp-allocator-size-job-worker=262144"
    "memorysetup-temp-allocator-size-preload-manager=33554432"
    "memorysetup-temp-allocator-size-nav-mesh-worker=65536"
    "memorysetup-temp-allocator-size-audio-worker=65536"
    "memorysetup-temp-allocator-size-cloud-worker=32768"
    "memorysetup-temp-allocator-size-gi-baking-worker=262144"
    "memorysetup-temp-allocator-size-gfx=262144"
Refreshing native plugins compatible for Editor in 73.39 ms, found 3 plugins.
Preloading 0 native plugins for Editor in 0.00 ms.
Initialize engine version: 2021.3.14f1 (eee1884e7226)
[Subsystems] Discovering subsystems at path C:/Program Files/Unity/Hub/Editor/2021.3.14f1/Editor/Data/Resources/UnitySubsystems
[Subsystems] Discovering subsystems at path C:/Users/fauve/Documents/GitHub/Cauchemar-en-cuisine/Cauchema_en_Cusine/Assets
GfxDevice: creating device client; threaded=0; jobified=0
Direct3D:
    Version:  Direct3D 11.0 [level 11.1]
    Renderer: NVIDIA GeForce RTX 2070 SUPER (ID=0x1e84)
    Vendor:   NVIDIA
    VRAM:     8012 MB
    Driver:   31.0.15.1694
Initialize mono
Mono path[0] = 'C:/Program Files/Unity/Hub/Editor/2021.3.14f1/Editor/Data/Managed'
Mono path[1] = 'C:/Program Files/Unity/Hub/Editor/2021.3.14f1/Editor/Data/MonoBleedingEdge/lib/mono/unityjit-win32'
Mono config path = 'C:/Program Files/Unity/Hub/Editor/2021.3.14f1/Editor/Data/MonoBleedingEdge/etc'
Using monoOptions --debugger-agent=transport=dt_socket,embedding=1,server=y,suspend=n,address=127.0.0.1:56928
Begin MonoManager ReloadAssembly
Registering precompiled unity dll's ...
Register platform support module: C:/Program Files/Unity/Hub/Editor/2021.3.14f1/Editor/Data/PlaybackEngines/WindowsStandaloneSupport/UnityEditor.WindowsStandalone.Extensions.dll
Registered in 0.006330 seconds.
Native extension for WindowsStandalone target not found
Refreshing native plugins compatible for Editor in 72.06 ms, found 3 plugins.
Preloading 0 native plugins for Editor in 0.00 ms.
Mono: successfully reloaded assembly
- Completed reload, in  0.567 seconds
Domain Reload Profiling:
	ReloadAssembly (567ms)
		BeginReloadAssembly (68ms)
			ExecutionOrderSort (0ms)
			DisableScriptedObjects (0ms)
			BackupInstance (0ms)
			ReleaseScriptingObjects (0ms)
			CreateAndSetChildDomain (1ms)
		EndReloadAssembly (397ms)
			LoadAssemblies (65ms)
			RebuildTransferFunctionScriptingTraits (0ms)
			SetupTypeCache (88ms)
			ReleaseScriptCaches (0ms)
			RebuildScriptCaches (23ms)
			SetupLoadedEditorAssemblies (241ms)
				LogAssemblyErrors (0ms)
				InitializePlatformSupportModulesInManaged (7ms)
				SetLoadedEditorAssemblies (0ms)
				RefreshPlugins (72ms)
				BeforeProcessingInitializeOnLoad (1ms)
				ProcessInitializeOnLoadAttributes (119ms)
				ProcessInitializeOnLoadMethodAttributes (41ms)
				AfterProcessingInitializeOnLoad (0ms)
				EditorAssembliesLoaded (0ms)
			ExecutionOrderSort2 (0ms)
			AwakeInstancesAfterBackupRestoration (0ms)
Platform modules already initialized, skipping
Registering precompiled user dll's ...
Registered in 0.007665 seconds.
Begin MonoManager ReloadAssembly
Symbol file data-000002173B4653F0 doesn't match image C:\Users\fauve\Documents\GitHub\Cauchemar-en-cuisine\Cauchema_en_Cusine\Library\ScriptAssemblies\Unity.VisualScripting.Flow.Editor.dll
Symbol file LoadedFromMemory is not a mono symbol file
Symbol file data-0000021736C612D0 doesn't match image C:\Users\fauve\Documents\GitHub\Cauchemar-en-cuisine\Cauchema_en_Cusine\Library\ScriptAssemblies\Unity.VSCode.Editor.dll
Symbol file LoadedFromMemory is not a mono symbol file
Symbol file data-000002173AF82830 doesn't match image C:\Users\fauve\Documents\GitHub\Cauchemar-en-cuisine\Cauchema_en_Cusine\Library\ScriptAssemblies\Unity.TextMeshPro.Editor.dll
Symbol file LoadedFromMemory is not a mono symbol file
Symbol file data-0000021736CE1270 doesn't match image C:\Users\fauve\Documents\GitHub\Cauchemar-en-cuisine\Cauchema_en_Cusine\Library\ScriptAssemblies\Unity.VisualStudio.Editor.dll
Symbol file LoadedFromMemory is not a mono symbol file
Symbol file data-0000021736CE1270 doesn't match image C:\Users\fauve\Documents\GitHub\Cauchemar-en-cuisine\Cauchema_en_Cusine\Library\ScriptAssemblies\UnityEngine.TestRunner.dll
Symbol file LoadedFromMemory is not a mono symbol file
Symbol file data-000002173A830230 doesn't match image C:\Users\fauve\Documents\GitHub\Cauchemar-en-cuisine\Cauchema_en_Cusine\Library\ScriptAssemblies\Unity.Timeline.dll
Symbol file LoadedFromMemory is not a mono symbol file
Symbol file data-000002173C19D020 doesn't match image C:\Users\fauve\Documents\GitHub\Cauchemar-en-cuisine\Cauchema_en_Cusine\Library\ScriptAssemblies\Unity.VisualScripting.Core.Editor.dll
Symbol file LoadedFromMemory is not a mono symbol file
Symbol file data-000002173C19D020 doesn't match image C:\Users\fauve\Documents\GitHub\Cauchemar-en-cuisine\Cauchema_en_Cusine\Library\ScriptAssemblies\Unity.TextMeshPro.dll
Symbol file LoadedFromMemory is not a mono symbol file
Symbol file data-000002173B060AC0 doesn't match image C:\Users\fauve\Documents\GitHub\Cauchemar-en-cuisine\Cauchema_en_Cusine\Library\ScriptAssemblies\Unity.VisualScripting.State.Editor.dll
Symbol file LoadedFromMemory is not a mono symbol file
Symbol file data-000002173B060AC0 doesn't match image C:\Users\fauve\Documents\GitHub\Cauchemar-en-cuisine\Cauchema_en_Cusine\Library\ScriptAssemblies\Unity.Services.Core.Telemetry.dll
Symbol file LoadedFromMemory is not a mono symbol file
Symbol file data-000002173B060AC0 doesn't match image C:\Users\fauve\Documents\GitHub\Cauchemar-en-cuisine\Cauchema_en_Cusine\Library\ScriptAssemblies\UnityEditor.TestRunner.dll
Symbol file LoadedFromMemory is not a mono symbol file
Symbol file data-000002173C1DC440 doesn't match image C:\Users\fauve\Documents\GitHub\Cauchemar-en-cuisine\Cauchema_en_Cusine\Library\ScriptAssemblies\Unity.Services.Core.Networking.dll
Symbol file LoadedFromMemory is not a mono symbol file
Symbol file data-000002173C1DC440 doesn't match image C:\Users\fauve\Documents\GitHub\Cauchemar-en-cuisine\Cauchema_en_Cusine\Library\ScriptAssemblies\Unity.VisualScripting.SettingsProvider.Editor.dll
Symbol file LoadedFromMemory is not a mono symbol file
Symbol file data-000002173C035010 doesn't match image C:\Users\fauve\Documents\GitHub\Cauchemar-en-cuisine\Cauchema_en_Cusine\Library\ScriptAssemblies\Unity.VisualScripting.Flow.dll
Symbol file LoadedFromMemory is not a mono symbol file
Symbol file data-000002173C1E12A0 doesn't match image C:\Users\fauve\Documents\GitHub\Cauchemar-en-cuisine\Cauchema_en_Cusine\Library\ScriptAssemblies\UnityEditor.UI.dll
Symbol file LoadedFromMemory is not a mono symbol file
Symbol file data-000002173AB04B00 doesn't match image C:\Users\fauve\Documents\GitHub\Cauchemar-en-cuisine\Cauchema_en_Cusine\Library\ScriptAssemblies\Unity.PlasticSCM.Editor.dll
Symbol file LoadedFromMemory is not a mono symbol file
Symbol file data-000002173C1E12A0 doesn't match image C:\Users\fauve\Documents\GitHub\Cauchemar-en-cuisine\Cauchema_en_Cusine\Library\ScriptAssemblies\Unity.Rider.Editor.dll
Symbol file LoadedFromMemory is not a mono symbol file
Symbol file data-000002173AB17710 doesn't match image C:\Users\fauve\Documents\GitHub\Cauchemar-en-cuisine\Cauchema_en_Cusine\Library\ScriptAssemblies\Unity.Services.Core.Internal.dll
Symbol file LoadedFromMemory is not a mono symbol file
Symbol file data-000002173AB17710 doesn't match image C:\Users\fauve\Documents\GitHub\Cauchemar-en-cuisine\Cauchema_en_Cusine\Library\ScriptAssemblies\UnityEngine.UI.dll
Symbol file LoadedFromMemory is not a mono symbol file
Symbol file data-000002173C072220 doesn't match image C:\Users\fauve\Documents\GitHub\Cauchemar-en-cuisine\Cauchema_en_Cusine\Library\ScriptAssemblies\Unity.Services.Core.Configuration.dll
Symbol file LoadedFromMemory is not a mono symbol file
Symbol file data-000002173BF03830 doesn't match image C:\Users\fauve\Documents\GitHub\Cauchemar-en-cuisine\Cauchema_en_Cusine\Library\ScriptAssemblies\Unity.VisualScripting.Core.dll
Symbol file LoadedFromMemory is not a mono symbol file
Symbol file data-000002173AB3E2A0 doesn't match image C:\Users\fauve\Documents\GitHub\Cauchemar-en-cuisine\Cauchema_en_Cusine\Library\ScriptAssemblies\Unity.Services.Core.dll
Symbol file LoadedFromMemory is not a mono symbol file
Symbol file data-000002173BF03830 doesn't match image C:\Users\fauve\Documents\GitHub\Cauchemar-en-cuisine\Cauchema_en_Cusine\Library\ScriptAssemblies\Unity.Services.Core.Editor.dll
Symbol file LoadedFromMemory is not a mono symbol file
Symbol file data-000002173BF03830 doesn't match image C:\Users\fauve\Documents\GitHub\Cauchemar-en-cuisine\Cauchema_en_Cusine\Library\ScriptAssemblies\Unity.Services.Core.Configuration.Editor.dll
Symbol file LoadedFromMemory is not a mono symbol file
Symbol file data-000002173B075CD0 doesn't match image C:\Users\fauve\Documents\GitHub\Cauchemar-en-cuisine\Cauchema_en_Cusine\Library\ScriptAssemblies\Unity.Services.Core.Analytics.dll
Symbol file LoadedFromMemory is not a mono symbol file
Symbol file data-000002173BF07E40 doesn't match image C:\Users\fauve\Documents\GitHub\Cauchemar-en-cuisine\Cauchema_en_Cusine\Library\ScriptAssemblies\Unity.Services.Core.Registration.dll
Symbol file LoadedFromMemory is not a mono symbol file
Symbol file data-000002173BF07E40 doesn't match image C:\Users\fauve\Documents\GitHub\Cauchemar-en-cuisine\Cauchema_en_Cusine\Library\ScriptAssemblies\Unity.VisualScripting.Shared.Editor.dll
Symbol file LoadedFromMemory is not a mono symbol file
Symbol file data-000002173B075CD0 doesn't match image C:\Users\fauve\Documents\GitHub\Cauchemar-en-cuisine\Cauchema_en_Cusine\Library\ScriptAssemblies\Unity.Services.Core.Environments.dll
Symbol file LoadedFromMemory is not a mono symbol file
Symbol file data-000002173BF18110 doesn't match image C:\Users\fauve\Documents\GitHub\Cauchemar-en-cuisine\Cauchema_en_Cusine\Library\ScriptAssemblies\Unity.Services.Core.Scheduler.dll
Symbol file LoadedFromMemory is not a mono symbol file
Symbol file data-000002173BF18110 doesn't match image C:\Users\fauve\Documents\GitHub\Cauchemar-en-cuisine\Cauchema_en_Cusine\Library\ScriptAssemblies\Unity.Services.Core.Environments.Internal.dll
Symbol file LoadedFromMemory is not a mono symbol file
Symbol file data-000002173C32A020 doesn't match image C:\Users\fauve\Documents\GitHub\Cauchemar-en-cuisine\Cauchema_en_Cusine\Library\ScriptAssemblies\Unity.Timeline.Editor.dll
Symbol file LoadedFromMemory is not a mono symbol file
Symbol file data-000002173ABFDF90 doesn't match image C:\Users\fauve\Documents\GitHub\Cauchemar-en-cuisine\Cauchema_en_Cusine\Library\ScriptAssemblies\Unity.CollabProxy.Editor.dll
Symbol file LoadedFromMemory is not a mono symbol file
Symbol file data-000002173AC067C0 doesn't match image C:\Users\fauve\Documents\GitHub\Cauchemar-en-cuisine\Cauchema_en_Cusine\Library\ScriptAssemblies\Unity.Services.Core.Threading.dll
Symbol file LoadedFromMemory is not a mono symbol file
Symbol file data-000002173B4A4020 doesn't match image C:\Users\fauve\Documents\GitHub\Cauchemar-en-cuisine\Cauchema_en_Cusine\Library\ScriptAssemblies\Unity.VisualScripting.State.dll
Symbol file LoadedFromMemory is not a mono symbol file
Symbol file data-000002173B4D91E0 doesn't match image C:\Users\fauve\Documents\GitHub\Cauchemar-en-cuisine\Cauchema_en_Cusine\Library\ScriptAssemblies\Unity.Services.Core.Device.dll
Symbol file LoadedFromMemory is not a mono symbol file
Symbol file LoadedFromMemory doesn't match image C:\Users\fauve\Documents\GitHub\Cauchemar-en-cuisine\Cauchema_en_Cusine\Library\PackageCache\com.unity.visualscripting@1.7.8\Editor\VisualScripting.Core\Dependencies\YamlDotNet\Unity.VisualScripting.YamlDotNet.dll
Symbol file LoadedFromMemory doesn't match image C:\Users\fauve\Documents\GitHub\Cauchemar-en-cuisine\Cauchema_en_Cusine\Library\PackageCache\com.unity.visualscripting@1.7.8\Editor\VisualScripting.Core\Dependencies\DotNetZip\Unity.VisualScripting.IonicZip.dll
Native extension for WindowsStandalone target not found
Refreshing native plugins compatible for Editor in 0.75 ms, found 3 plugins.
Preloading 0 native plugins for Editor in 0.00 ms.
Mono: successfully reloaded assembly
- Completed reload, in  0.958 seconds
Domain Reload Profiling:
	ReloadAssembly (958ms)
		BeginReloadAssembly (101ms)
			ExecutionOrderSort (0ms)
			DisableScriptedObjects (5ms)
			BackupInstance (0ms)
			ReleaseScriptingObjects (0ms)
			CreateAndSetChildDomain (19ms)
		EndReloadAssembly (752ms)
			LoadAssemblies (82ms)
			RebuildTransferFunctionScriptingTraits (0ms)
			SetupTypeCache (242ms)
			ReleaseScriptCaches (1ms)
			RebuildScriptCaches (60ms)
			SetupLoadedEditorAssemblies (324ms)
				LogAssemblyErrors (0ms)
				InitializePlatformSupportModulesInManaged (5ms)
				SetLoadedEditorAssemblies (0ms)
				RefreshPlugins (1ms)
				BeforeProcessingInitializeOnLoad (82ms)
				ProcessInitializeOnLoadAttributes (198ms)
				ProcessInitializeOnLoadMethodAttributes (31ms)
				AfterProcessingInitializeOnLoad (8ms)
				EditorAssembliesLoaded (0ms)
			ExecutionOrderSort2 (0ms)
			AwakeInstancesAfterBackupRestoration (8ms)
Platform modules already initialized, skipping
========================================================================
Worker process is ready to serve import requests
Launched and connected shader compiler UnityShaderCompiler.exe after 0.06 seconds
Refreshing native plugins compatible for Editor in 1.20 ms, found 3 plugins.
Preloading 0 native plugins for Editor in 0.00 ms.
Unloading 3698 Unused Serialized files (Serialized files now loaded: 0)
Unloading 30 unused Assets / (56.1 KB). Loaded Objects now: 4152.
Memory consumption went from 127.3 MB to 127.2 MB.
Total: 4.323500 ms (FindLiveObjects: 0.552500 ms CreateObjectMapping: 0.269500 ms MarkObjects: 3.399400 ms  DeleteObjects: 0.100600 ms)

AssetImportParameters requested are different than current active one (requested -> active):
  custom:video-decoder-ogg-theora: a1e56fd34408186e4bbccfd4996cb3dc -> 
  custom:container-muxer-webm: aa71ff27fc2769a1b78a27578f13a17b -> 
  custom:container-demuxer-webm: 4f35f7cbe854078d1ac9338744f61a02 -> 
  custom:video-encoder-webm-vp8: eb34c28f22e8b96e1ab97ce403110664 -> 
  custom:audio-encoder-webm-vorbis: bf7c407c2cedff20999df2af8eb42d56 -> 
  custom:framework-win-MediaFoundation: 216162199b28c13a410421893ffa2e32 -> 
  custom:container-demuxer-ogg: 62fdf1f143b41e24485cea50d1cbac27 -> 
  custom:video-decoder-webm-vp8: 9c59270c3fd7afecdb556c50c9e8de78 -> 
  custom:audio-decoder-ogg-vorbis: bf7c407c2cedff20999df2af8eb42d56 -> 
========================================================================
Received Import Request.
  Time since last request: 1452697.541747 seconds.
  path: Assets/Mirror/Examples/Pong/Scenes
  artifactKey: Guid(00c56c45628954f44aa4d944cbd9bfca) Importer(815301076,1909f56bfc062723c751e8b465ee728b)
Start importing Assets/Mirror/Examples/Pong/Scenes using Guid(00c56c45628954f44aa4d944cbd9bfca) Importer(815301076,1909f56bfc062723c751e8b465ee728b)  -> (artifact id: 'bdc7ced6d1afb236577cf8efe3ef1565') in 0.018317 seconds 
========================================================================
Received Import Request.
  Time since last request: 0.000032 seconds.
  path: Assets/Mirror/Examples/Pong
  artifactKey: Guid(2220cb06641bd40be8c8330b3b4dd0ee) Importer(815301076,1909f56bfc062723c751e8b465ee728b)
Start importing Assets/Mirror/Examples/Pong using Guid(2220cb06641bd40be8c8330b3b4dd0ee) Importer(815301076,1909f56bfc062723c751e8b465ee728b)  -> (artifact id: '7e2890ac2671777b39d4ff5aa5f58722') in 0.007103 seconds 
========================================================================
Received Prepare
Registering precompiled user dll's ...
Registered in 0.009498 seconds.
Begin MonoManager ReloadAssembly
Symbol file data-0000021740D7CB90 doesn't match image C:\Users\fauve\Documents\GitHub\Cauchemar-en-cuisine\Cauchema_en_Cusine\Library\ScriptAssemblies\Unity.VisualScripting.Flow.Editor.dll
Symbol file LoadedFromMemory is not a mono symbol file
Symbol file data-000002173DAE4030 doesn't match image C:\Users\fauve\Documents\GitHub\Cauchemar-en-cuisine\Cauchema_en_Cusine\Library\ScriptAssemblies\Unity.VSCode.Editor.dll
Symbol file LoadedFromMemory is not a mono symbol file
Symbol file data-000002173AC067C0 doesn't match image C:\Users\fauve\Documents\GitHub\Cauchemar-en-cuisine\Cauchema_en_Cusine\Library\ScriptAssemblies\Unity.TextMeshPro.Editor.dll
Symbol file LoadedFromMemory is not a mono symbol file
Symbol file data-000002173ACCD030 doesn't match image C:\Users\fauve\Documents\GitHub\Cauchemar-en-cuisine\Cauchema_en_Cusine\Library\ScriptAssemblies\Unity.VisualStudio.Editor.dll
Symbol file LoadedFromMemory is not a mono symbol file
Symbol file data-000002173ACCD030 doesn't match image C:\Users\fauve\Documents\GitHub\Cauchemar-en-cuisine\Cauchema_en_Cusine\Library\ScriptAssemblies\UnityEngine.TestRunner.dll
Symbol file LoadedFromMemory is not a mono symbol file
Symbol file data-000002173A969010 doesn't match image C:\Users\fauve\Documents\GitHub\Cauchemar-en-cuisine\Cauchema_en_Cusine\Library\ScriptAssemblies\Unity.Timeline.dll
Symbol file LoadedFromMemory is not a mono symbol file
Symbol file data-000002173B351010 doesn't match image C:\Users\fauve\Documents\GitHub\Cauchemar-en-cuisine\Cauchema_en_Cusine\Library\ScriptAssemblies\Unity.VisualScripting.Core.Editor.dll
Symbol file LoadedFromMemory is not a mono symbol file
Symbol file data-00000217404A0030 doesn't match image C:\Users\fauve\Documents\GitHub\Cauchemar-en-cuisine\Cauchema_en_Cusine\Library\ScriptAssemblies\Unity.TextMeshPro.dll
Symbol file LoadedFromMemory is not a mono symbol file
Symbol file data-00000217402E4020 doesn't match image C:\Users\fauve\Documents\GitHub\Cauchemar-en-cuisine\Cauchema_en_Cusine\Library\ScriptAssemblies\Unity.VisualScripting.State.Editor.dll
Symbol file LoadedFromMemory is not a mono symbol file
Symbol file data-000002173ACD73B0 doesn't match image C:\Users\fauve\Documents\GitHub\Cauchemar-en-cuisine\Cauchema_en_Cusine\Library\ScriptAssemblies\Unity.Services.Core.Telemetry.dll
Symbol file LoadedFromMemory is not a mono symbol file
Symbol file data-000002173C6F1010 doesn't match image C:\Users\fauve\Documents\GitHub\Cauchemar-en-cuisine\Cauchema_en_Cusine\Library\ScriptAssemblies\UnityEditor.TestRunner.dll
Symbol file LoadedFromMemory is not a mono symbol file
Symbol file data-000002173B4C4C30 doesn't match image C:\Users\fauve\Documents\GitHub\Cauchemar-en-cuisine\Cauchema_en_Cusine\Library\ScriptAssemblies\Unity.Services.Core.Networking.dll
Symbol file LoadedFromMemory is not a mono symbol file
Symbol file data-0000021740F83800 doesn't match image C:\Users\fauve\Documents\GitHub\Cauchemar-en-cuisine\Cauchema_en_Cusine\Library\ScriptAssemblies\Unity.VisualScripting.SettingsProvider.Editor.dll
Symbol file LoadedFromMemory is not a mono symbol file
Symbol file data-00000217400A4030 doesn't match image C:\Users\fauve\Documents\GitHub\Cauchemar-en-cuisine\Cauchema_en_Cusine\Library\ScriptAssemblies\Unity.VisualScripting.Flow.dll
Symbol file LoadedFromMemory is not a mono symbol file
Symbol file data-00000217402EC030 doesn't match image C:\Users\fauve\Documents\GitHub\Cauchemar-en-cuisine\Cauchema_en_Cusine\Library\ScriptAssemblies\UnityEditor.UI.dll
Symbol file LoadedFromMemory is not a mono symbol file
Symbol file data-00000217400A4030 doesn't match image C:\Users\fauve\Documents\GitHub\Cauchemar-en-cuisine\Cauchema_en_Cusine\Library\ScriptAssemblies\Unity.PlasticSCM.Editor.dll
Symbol file LoadedFromMemory is not a mono symbol file
Symbol file data-00000217402EC030 doesn't match image C:\Users\fauve\Documents\GitHub\Cauchemar-en-cuisine\Cauchema_en_Cusine\Library\ScriptAssemblies\Unity.Rider.Editor.dll
Symbol file LoadedFromMemory is not a mono symbol file
Symbol file data-00000217402EC030 doesn't match image C:\Users\fauve\Documents\GitHub\Cauchemar-en-cuisine\Cauchema_en_Cusine\Library\ScriptAssemblies\Unity.Services.Core.Internal.dll
Symbol file LoadedFromMemory is not a mono symbol file
Symbol file data-0000021741E26010 doesn't match image C:\Users\fauve\Documents\GitHub\Cauchemar-en-cuisine\Cauchema_en_Cusine\Library\ScriptAssemblies\UnityEngine.UI.dll
Symbol file LoadedFromMemory is not a mono symbol file
Symbol file data-00000217400E1240 doesn't match image C:\Users\fauve\Documents\GitHub\Cauchemar-en-cuisine\Cauchema_en_Cusine\Library\ScriptAssemblies\Unity.Services.Core.Configuration.dll
Symbol file LoadedFromMemory is not a mono symbol file
Symbol file data-000002173F4FE030 doesn't match image C:\Users\fauve\Documents\GitHub\Cauchemar-en-cuisine\Cauchema_en_Cusine\Library\ScriptAssemblies\Unity.VisualScripting.Core.dll
Symbol file LoadedFromMemory is not a mono symbol file
Symbol file data-0000021740417230 doesn't match image C:\Users\fauve\Documents\GitHub\Cauchemar-en-cuisine\Cauchema_en_Cusine\Library\ScriptAssemblies\Unity.Services.Core.dll
Symbol file LoadedFromMemory is not a mono symbol file
Symbol file data-0000021740880B00 doesn't match image C:\Users\fauve\Documents\GitHub\Cauchemar-en-cuisine\Cauchema_en_Cusine\Library\ScriptAssemblies\Unity.Services.Core.Editor.dll
Symbol file LoadedFromMemory is not a mono symbol file
Symbol file data-0000021740417230 doesn't match image C:\Users\fauve\Documents\GitHub\Cauchemar-en-cuisine\Cauchema_en_Cusine\Library\ScriptAssemblies\Unity.Services.Core.Configuration.Editor.dll
Symbol file LoadedFromMemory is not a mono symbol file
Symbol file data-000002173B4C4C30 doesn't match image C:\Users\fauve\Documents\GitHub\Cauchemar-en-cuisine\Cauchema_en_Cusine\Library\ScriptAssemblies\Unity.Services.Core.Analytics.dll
Symbol file LoadedFromMemory is not a mono symbol file
Symbol file data-000002173F4F6620 doesn't match image C:\Users\fauve\Documents\GitHub\Cauchemar-en-cuisine\Cauchema_en_Cusine\Library\ScriptAssemblies\Unity.Services.Core.Registration.dll
Symbol file LoadedFromMemory is not a mono symbol file
Symbol file data-000002173F4F6620 doesn't match image C:\Users\fauve\Documents\GitHub\Cauchemar-en-cuisine\Cauchema_en_Cusine\Library\ScriptAssemblies\Unity.VisualScripting.Shared.Editor.dll
Symbol file LoadedFromMemory is not a mono symbol file
Symbol file data-000002173B4C4C30 doesn't match image C:\Users\fauve\Documents\GitHub\Cauchemar-en-cuisine\Cauchema_en_Cusine\Library\ScriptAssemblies\Unity.Services.Core.Environments.dll
Symbol file LoadedFromMemory is not a mono symbol file
Symbol file data-000002173F4F6620 doesn't match image C:\Users\fauve\Documents\GitHub\Cauchemar-en-cuisine\Cauchema_en_Cusine\Library\ScriptAssemblies\Unity.Services.Core.Scheduler.dll
Symbol file LoadedFromMemory is not a mono symbol file
Symbol file data-000002173B4C4C30 doesn't match image C:\Users\fauve\Documents\GitHub\Cauchemar-en-cuisine\Cauchema_en_Cusine\Library\ScriptAssemblies\Unity.Services.Core.Environments.Internal.dll
Symbol file LoadedFromMemory is not a mono symbol file
Symbol file data-000002173B44B020 doesn't match image C:\Users\fauve\Documents\GitHub\Cauchemar-en-cuisine\Cauchema_en_Cusine\Library\ScriptAssemblies\Unity.Timeline.Editor.dll
Symbol file LoadedFromMemory is not a mono symbol file
Symbol file data-0000021741E36020 doesn't match image C:\Users\fauve\Documents\GitHub\Cauchemar-en-cuisine\Cauchema_en_Cusine\Library\ScriptAssemblies\Unity.CollabProxy.Editor.dll
Symbol file LoadedFromMemory is not a mono symbol file
Symbol file data-000002173F536850 doesn't match image C:\Users\fauve\Documents\GitHub\Cauchemar-en-cuisine\Cauchema_en_Cusine\Library\ScriptAssemblies\Unity.Services.Core.Threading.dll
Symbol file LoadedFromMemory is not a mono symbol file
Symbol file data-000002173DC5AD10 doesn't match image C:\Users\fauve\Documents\GitHub\Cauchemar-en-cuisine\Cauchema_en_Cusine\Library\ScriptAssemblies\Unity.VisualScripting.State.dll
Symbol file LoadedFromMemory is not a mono symbol file
Symbol file data-000002173C5A7360 doesn't match image C:\Users\fauve\Documents\GitHub\Cauchemar-en-cuisine\Cauchema_en_Cusine\Library\ScriptAssemblies\Unity.Services.Core.Device.dll
Symbol file LoadedFromMemory is not a mono symbol file
Symbol file LoadedFromMemory doesn't match image C:\Users\fauve\Documents\GitHub\Cauchemar-en-cuisine\Cauchema_en_Cusine\Library\PackageCache\com.unity.visualscripting@1.7.8\Editor\VisualScripting.Core\Dependencies\YamlDotNet\Unity.VisualScripting.YamlDotNet.dll
Symbol file LoadedFromMemory doesn't match image C:\Users\fauve\Documents\GitHub\Cauchemar-en-cuisine\Cauchema_en_Cusine\Library\PackageCache\com.unity.visualscripting@1.7.8\Editor\VisualScripting.Core\Dependencies\DotNetZip\Unity.VisualScripting.IonicZip.dll
Native extension for WindowsStandalone target not found
Refreshing native plugins compatible for Editor in 1.14 ms, found 3 plugins.
Preloading 0 native plugins for Editor in 0.00 ms.
Mono: successfully reloaded assembly
- Completed reload, in  1.655 seconds
Domain Reload Profiling:
	ReloadAssembly (1655ms)
		BeginReloadAssembly (241ms)
			ExecutionOrderSort (0ms)
			DisableScriptedObjects (7ms)
			BackupInstance (0ms)
			ReleaseScriptingObjects (0ms)
			CreateAndSetChildDomain (115ms)
		EndReloadAssembly (1167ms)
			LoadAssemblies (146ms)
			RebuildTransferFunctionScriptingTraits (0ms)
			SetupTypeCache (465ms)
			ReleaseScriptCaches (2ms)
			RebuildScriptCaches (59ms)
			SetupLoadedEditorAssemblies (433ms)
				LogAssemblyErrors (0ms)
				InitializePlatformSupportModulesInManaged (19ms)
				SetLoadedEditorAssemblies (1ms)
				RefreshPlugins (1ms)
				BeforeProcessingInitializeOnLoad (102ms)
				ProcessInitializeOnLoadAttributes (257ms)
				ProcessInitializeOnLoadMethodAttributes (42ms)
				AfterProcessingInitializeOnLoad (10ms)
				EditorAssembliesLoaded (0ms)
			ExecutionOrderSort2 (0ms)
			AwakeInstancesAfterBackupRestoration (8ms)
Platform modules already initialized, skipping
Refreshing native plugins compatible for Editor in 3.40 ms, found 3 plugins.
Preloading 0 native plugins for Editor in 0.00 ms.
Unloading 3691 Unused Serialized files (Serialized files now loaded: 0)
Unloading 23 unused Assets / (24.7 KB). Loaded Objects now: 4155.
Memory consumption went from 127.0 MB to 127.0 MB.
Total: 4.357800 ms (FindLiveObjects: 0.520600 ms CreateObjectMapping: 0.109500 ms MarkObjects: 3.675800 ms  DeleteObjects: 0.050000 ms)

AssetImportParameters requested are different than current active one (requested -> active):
  custom:video-decoder-ogg-theora: a1e56fd34408186e4bbccfd4996cb3dc -> 
  custom:container-muxer-webm: aa71ff27fc2769a1b78a27578f13a17b -> 
  custom:container-demuxer-webm: 4f35f7cbe854078d1ac9338744f61a02 -> 
  custom:video-encoder-webm-vp8: eb34c28f22e8b96e1ab97ce403110664 -> 
  custom:audio-encoder-webm-vorbis: bf7c407c2cedff20999df2af8eb42d56 -> 
  custom:framework-win-MediaFoundation: 216162199b28c13a410421893ffa2e32 -> 
  custom:container-demuxer-ogg: 62fdf1f143b41e24485cea50d1cbac27 -> 
  custom:video-decoder-webm-vp8: 9c59270c3fd7afecdb556c50c9e8de78 -> 
  custom:audio-decoder-ogg-vorbis: bf7c407c2cedff20999df2af8eb42d56 -> 
Editor requested this worker to shutdown with reason: Scaling down because of idle timeout
AssetImportWorker is now disconnected from the server
Process exiting
Exiting without the bug reporter. Application will terminate with return code 0